[debug] [2021-10-08T21:45:27.578Z] ----------------------------------------------------------------------
[debug] [2021-10-08T21:45:27.581Z] Command:       C:\Program Files\nodejs\node.exe C:\Users\HP\AppData\Roaming\npm\node_modules\firebase-tools\lib\bin\firebase.js init
[debug] [2021-10-08T21:45:27.581Z] CLI Version:   9.20.0
[debug] [2021-10-08T21:45:27.581Z] Platform:      win32
[debug] [2021-10-08T21:45:27.581Z] Node Version:  v14.17.6
[debug] [2021-10-08T21:45:27.582Z] Time:          Sat Oct 09 2021 03:15:27 GMT+0530 (India Standard Time)
[debug] [2021-10-08T21:45:27.582Z] ----------------------------------------------------------------------
[debug] 
[debug] [2021-10-08T21:45:27.592Z] > command requires scopes: ["email","openid","https://www.googleapis.com/auth/cloudplatformprojects.readonly","https://www.googleapis.com/auth/firebase","https://www.googleapis.com/auth/cloud-platform"]
[debug] [2021-10-08T21:45:27.592Z] > authorizing via signed-in user (allanrodriques2001@gmail.com)
[info] 
     ######## #### ########  ######## ########     ###     ######  ########
     ##        ##  ##     ## ##       ##     ##  ##   ##  ##       ##
     ######    ##  ########  ######   ########  #########  ######  ######
     ##        ##  ##    ##  ##       ##     ## ##     ##       ## ##
     ##       #### ##     ## ######## ########  ##     ##  ######  ########

You're about to initialize a Firebase project in this directory:

  C:\Users\HP\Desktop\Projects\netflix-clone

[info] 
=== Project Setup
[info] 
[info] First, let's associate this project directory with a Firebase project.
[info] You can create multiple project aliases by running firebase use --add, 
[info] but for now we'll just set up a default project.
[info] 
[debug] [2021-10-08T21:45:44.836Z] >>> [apiv2][query] GET https://firebase.googleapis.com/v1beta1/projects pageSize=100
[debug] [2021-10-08T21:45:45.890Z] <<< [apiv2][status] GET https://firebase.googleapis.com/v1beta1/projects 200
[debug] [2021-10-08T21:45:45.891Z] <<< [apiv2][body] GET https://firebase.googleapis.com/v1beta1/projects [omitted]
[info] i  Using project netflix-clone-b484b (Netflix-clone) 
[info] 
=== Hosting:github Setup
[info] 
[info] i  Didn't detect a .git folder. Assuming C:\Users\HP\Desktop\Projects\netflix-clone is the project root. 
[info] i  Authorizing with GitHub to upload your service account to a GitHub repository's secrets store. 
[info] 
[info] Visit this URL on this device to log in:
[info] https://github.com/login/oauth/authorize?client_id=89cf50f02ac6aaed3484&state=1016132121&redirect_uri=http%3A%2F%2Flocalhost%3A9005&scope=read%3Auser%20repo%20public_repo
[info] 
[info] Waiting for authentication...
[debug] [2021-10-08T21:47:32.610Z] >>> HTTP REQUEST POST https://github.com/login/oauth/access_token  
 {"client_id":"89cf50f02ac6aaed3484","client_secret":"3330d14abc895d9a74d5f17cd7a00711fa2c5bf0","code":"ac5ce37feb32ecf41b94","redirect_uri":"http://localhost:9005","state":"1016132121"}
[debug] [2021-10-08T21:47:33.261Z] <<< HTTP RESPONSE 200 {"server":"GitHub.com","date":"Fri, 08 Oct 2021 21:47:33 GMT","content-type":"application/json; charset=utf-8","transfer-encoding":"chunked","vary":"X-PJAX, X-PJAX-Container, Accept-Encoding, Accept, X-Requested-With","permissions-policy":"interest-cohort=()","etag":"W/\"98f1b1d7680cb846ecf646f3acdf5155\"","cache-control":"max-age=0, private, must-revalidate","strict-transport-security":"max-age=31536000; includeSubdomains; preload","x-frame-options":"deny","x-content-type-options":"nosniff","x-xss-protection":"0","referrer-policy":"origin-when-cross-origin, strict-origin-when-cross-origin","expect-ct":"max-age=2592000, report-uri=\"https://api.github.com/_private/browser/errors\"","content-security-policy":"default-src 'none'; base-uri 'self'; block-all-mixed-content; child-src github.com/assets-cdn/worker/ gist.github.com/assets-cdn/worker/; connect-src 'self' uploads.github.com objects-origin.githubusercontent.com www.githubstatus.com collector.githubapp.com api.github.com github-cloud.s3.amazonaws.com github-production-repository-file-5c1aeb.s3.amazonaws.com github-production-upload-manifest-file-7fdce7.s3.amazonaws.com github-production-user-asset-6210df.s3.amazonaws.com cdn.optimizely.com logx.optimizely.com/v1/events translator.github.com wss://alive.github.com; font-src github.githubassets.com; form-action 'self' github.com gist.github.com objects-origin.githubusercontent.com; frame-ancestors 'none'; frame-src render.githubusercontent.com viewscreen.githubusercontent.com viewscreen-lab.githubusercontent.com; img-src 'self' data: github.githubassets.com identicons.github.com collector.githubapp.com github-cloud.s3.amazonaws.com secured-user-images.githubusercontent.com/ *.githubusercontent.com; manifest-src 'self'; media-src github.com user-images.githubusercontent.com/; script-src github.githubassets.com; style-src 'unsafe-inline' github.githubassets.com; worker-src github.com/assets-cdn/worker/ gist.github.com/assets-cdn/worker/ github.com/socket-worker-0af8a29d.js gist.github.com/socket-worker-0af8a29d.js","x-github-request-id":"C1A3:676C:242509:2F0E1C:6160BC75"}
[debug] [2021-10-08T21:47:33.274Z] >>> [apiv2][query] GET https://api.github.com/user [none]
[debug] [2021-10-08T21:47:33.802Z] <<< [apiv2][status] GET https://api.github.com/user 200
[debug] [2021-10-08T21:47:33.803Z] <<< [apiv2][body] GET https://api.github.com/user {"login":"Allanrodriques","id":68966594,"node_id":"MDQ6VXNlcjY4OTY2NTk0","avatar_url":"https://avatars.githubusercontent.com/u/68966594?v=4","gravatar_id":"","url":"https://api.github.com/users/Allanrodriques","html_url":"https://github.com/Allanrodriques","followers_url":"https://api.github.com/users/Allanrodriques/followers","following_url":"https://api.github.com/users/Allanrodriques/following{/other_user}","gists_url":"https://api.github.com/users/Allanrodriques/gists{/gist_id}","starred_url":"https://api.github.com/users/Allanrodriques/starred{/owner}{/repo}","subscriptions_url":"https://api.github.com/users/Allanrodriques/subscriptions","organizations_url":"https://api.github.com/users/Allanrodriques/orgs","repos_url":"https://api.github.com/users/Allanrodriques/repos","events_url":"https://api.github.com/users/Allanrodriques/events{/privacy}","received_events_url":"https://api.github.com/users/Allanrodriques/received_events","type":"User","site_admin":false,"name":"Allan Rodriques","company":null,"blog":"","location":"India","email":null,"hireable":null,"bio":"allanrodriques2001@gmail.com","twitter_username":"Allan__2001","public_repos":19,"public_gists":0,"followers":7,"following":7,"created_at":"2020-07-29T17:59:06Z","updated_at":"2021-10-08T08:35:07Z","private_gists":0,"total_private_repos":3,"owned_private_repos":3,"disk_usage":64527,"collaborators":0,"two_factor_authentication":false,"plan":{"name":"free","space":976562499,"collaborators":0,"private_repos":10000}}
[info] 
[info] +  Success! Logged into GitHub as Allanrodriques 
[info] 
